0 verbose cli C:\Program Files\nodejs\node.exe C:\Program Files\nodejs\node_modules\npm\bin\npm-cli.js
1 info using npm@10.9.0
2 info using node@v22.11.0
3 silly config load:file:C:\Program Files\nodejs\node_modules\npm\npmrc
4 silly config load:file:E:\Portfolio\.npmrc
5 error config prefix cannot be changed from project config: E:\Portfolio\.npmrc.
6 silly config load:file:C:\Users\LAJWANTI\.npmrc
7 silly config load:file:E:\Portfolio\.npm-global\etc\npmrc
8 verbose title npm run build
9 verbose argv "run" "build"
10 verbose logfile logs-max:10 dir:E:\Portfolio\.npm-cache\_logs\2026-03-16T11_53_21_960Z-
11 verbose logfile E:\Portfolio\.npm-cache\_logs\2026-03-16T11_53_21_960Z-debug-0.log
12 silly logfile done cleaning log files
13 http fetch GET https://registry.npmjs.org/npm attempt 1 failed with EACCES
14 verbose cwd E:\Portfolio
15 verbose os Windows_NT 10.0.19045
16 verbose node v22.11.0
17 verbose npm  v10.9.0
18 verbose exit 1
19 verbose code 1
